<?xml version="1.0" encoding="UTF-8"?>
<testsuite name="com.amjad.softwareTesting.LoginPageTest" tests="1" skipped="0" failures="0" errors="0" timestamp="2022-04-18T19:09:18" hostname="IQUAD-AMJAD" time="8.23">
  <properties/>
  <testcase name="testLogoutAction()" classname="com.amjad.softwareTesting.LoginPageTest" time="8.23"/>
  <system-out><![CDATA[]]></system-out>
  <system-err><![CDATA[SLF4J: Failed to load class "org.slf4j.impl.StaticLoggerBinder".
SLF4J: Defaulting to no-operation (NOP) logger implementation
SLF4J: See http://www.slf4j.org/codes.html#StaticLoggerBinder for further details.
Starting ChromeDriver 100.0.4896.60 (6a5d10861ce8de5fce22564658033b43cb7de047-refs/branch-heads/4896@{#875}) on port 12198
Only local connections are allowed.
Please see https://chromedriver.chromium.org/security-considerations for suggestions on keeping ChromeDriver safe.
ChromeDriver was started successfully.
Apr 18, 2022 9:09:18 PM org.openqa.selenium.remote.ProtocolHandshake createSession
INFO: Detected dialect: W3C
]]></system-err>
</testsuite>
